[2015-03-31 03:08:01] production.ERROR: exception 'InvalidArgumentException' with message 'View [inc.left_menu] not found.' in /Applications/XAMPP/xamppfiles/htdocs/sattahipport-website/vendor/laravel/framework/src/Illuminate/View/FileViewFinder.php:140
Stack trace:
#0 /Applications/XAMPP/xamppfiles/htdocs/sattahipport-website/vendor/laravel/framework/src/Illuminate/View/FileViewFinder.php(77): Illuminate\View\FileViewFinder->findInPaths('inc.left_menu', Array)
#1 /Applications/XAMPP/xamppfiles/htdocs/sattahipport-website/vendor/laravel/framework/src/Illuminate/View/Factory.php(145): Illuminate\View\FileViewFinder->find('inc.left_menu')
#2 /Applications/XAMPP/xamppfiles/htdocs/sattahipport-website/storage/framework/views/df54e61dbccae8b16d52e5f34a550c96(39): Illuminate\View\Factory->make('inc.left_menu', Array)
#3 /Applications/XAMPP/xamppfiles/htdocs/sattahipport-website/vendor/laravel/framework/src/Illuminate/View/Engines/PhpEngine.php(39): include('/Applications/X...')
#4 /Applications/XAMPP/xamppfiles/htdocs/sattahipport-website/vendor/laravel/framework/src/Illuminate/View/Engines/CompilerEngine.php(57): Illuminate\View\Engines\PhpEngine->evaluatePath('/Applications/X...', Array)
#5 /Applications/XAMPP/xamppfiles/htdocs/sattahipport-website/vendor/laravel/framework/src/Illuminate/View/View.php(136): Illuminate\View\Engines\CompilerEngine->get('/Applications/X...', Array)
#6 /Applications/XAMPP/xamppfiles/htdocs/sattahipport-website/vendor/laravel/framework/src/Illuminate/View/View.php(104): Illuminate\View\View->getContents()
#7 /Applications/XAMPP/xamppfiles/htdocs/sattahipport-website/vendor/laravel/framework/src/Illuminate/View/View.php(78): Illuminate\View\View->renderContents()
#8 /Applications/XAMPP/xamppfiles/htdocs/sattahipport-website/storage/framework/views/9cd53140ddbab05c23ad310b5d8d5e80(106): Illuminate\View\View->render()
#9 /Applications/XAMPP/xamppfiles/htdocs/sattahipport-website/vendor/laravel/framework/src/Illuminate/View/Engines/PhpEngine.php(39): include('/Applications/X...')
#10 /Applications/XAMPP/xamppfiles/htdocs/sattahipport-website/vendor/laravel/framework/src/Illuminate/View/Engines/CompilerEngine.php(57): Illuminate\View\Engines\PhpEngine->evaluatePath('/Applications/X...', Array)
#11 /Applications/XAMPP/xamppfiles/htdocs/sattahipport-website/vendor/laravel/framework/src/Illuminate/View/View.php(136): Illuminate\View\Engines\CompilerEngine->get('/Applications/X...', Array)
#12 /Applications/XAMPP/xamppfiles/htdocs/sattahipport-website/vendor/laravel/framework/src/Illuminate/View/View.php(104): Illuminate\View\View->getContents()
#13 /Applications/XAMPP/xamppfiles/htdocs/sattahipport-website/vendor/laravel/framework/src/Illuminate/View/View.php(78): Illuminate\View\View->renderContents()
#14 /Applications/XAMPP/xamppfiles/htdocs/sattahipport-website/vendor/laravel/framework/src/Illuminate/Http/Response.php(44): Illuminate\View\View->render()
#15 /Applications/XAMPP/xamppfiles/htdocs/sattahipport-website/vendor/symfony/http-foundation/Symfony/Component/HttpFoundation/Response.php(202): Illuminate\Http\Response->setContent(Object(Illuminate\View\View))
#16 /Applications/XAMPP/xamppfiles/htdocs/sattahipport-website/vendor/laravel/framework/src/Illuminate/Routing/Router.php(1188): Symfony\Component\HttpFoundation\Response->__construct(Object(Illuminate\View\View))
#17 /Applications/XAMPP/xamppfiles/htdocs/sattahipport-website/vendor/laravel/framework/src/Illuminate/Routing/Router.php(692): Illuminate\Routing\Router->prepareResponse(Object(Illuminate\Http\Request), Object(Illuminate\View\View))
#18 [internal function]: Illuminate\Routing\Router->Illuminate\Routing\{closure}(Object(Illuminate\Http\Request))
#19 /Applications/XAMPP/xamppfiles/htdocs/sattahipport-website/vendor/laravel/framework/src/Illuminate/Pipeline/Pipeline.php(141): call_user_func(Object(Closure), Object(Illuminate\Http\Request))
#20 [internal function]: Illuminate\Pipeline\Pipeline->Illuminate\Pipeline\{closure}(Object(Illuminate\Http\Request))
#21 /Applications/XAMPP/xamppfiles/htdocs/sattahipport-website/vendor/laravel/framework/src/Illuminate/Pipeline/Pipeline.php(101): call_user_func(Object(Closure), Object(Illuminate\Http\Request))
#22 /Applications/XAMPP/xamppfiles/htdocs/sattahipport-website/vendor/laravel/framework/src/Illuminate/Routing/Router.php(693): Illuminate\Pipeline\Pipeline->then(Object(Closure))
#23 /Applications/XAMPP/xamppfiles/htdocs/sattahipport-website/vendor/laravel/framework/src/Illuminate/Routing/Router.php(660): Illuminate\Routing\Router->runRouteWithinStack(Object(Illuminate\Routing\Route), Object(Illuminate\Http\Request))
#24 /Applications/XAMPP/xamppfiles/htdocs/sattahipport-website/vendor/laravel/framework/src/Illuminate/Routing/Router.php(618): Illuminate\Routing\Router->dispatchToRoute(Object(Illuminate\Http\Request))
#25 /Applications/XAMPP/xamppfiles/htdocs/sattahipport-website/vendor/laravel/framework/src/Illuminate/Foundation/Http/Kernel.php(214): Illuminate\Routing\Router->dispatch(Object(Illuminate\Http\Request))
#26 [internal function]: Illuminate\Foundation\Http\Kernel->Illuminate\Foundation\Http\{closure}(Object(Illuminate\Http\Request))
#27 /Applications/XAMPP/xamppfiles/htdocs/sattahipport-website/vendor/laravel/framework/src/Illuminate/Pipeline/Pipeline.php(141): call_user_func(Object(Closure), Object(Illuminate\Http\Request))
#28 /Applications/XAMPP/xamppfiles/htdocs/sattahipport-website/vendor/laravel/framework/src/Illuminate/Foundation/Http/Middleware/VerifyCsrfToken.php(43): Illuminate\Pipeline\Pipeline->Illuminate\Pipeline\{closure}(Object(Illuminate\Http\Request))
#29 /Applications/XAMPP/xamppfiles/htdocs/sattahipport-website/app/Http/Middleware/VerifyCsrfToken.php(17): Illuminate\Foundation\Http\Middleware\VerifyCsrfToken->handle(Object(Illuminate\Http\Request), Object(Closure))
#30 /Applications/XAMPP/xamppfiles/htdocs/sattahipport-website/vendor/laravel/framework/src/Illuminate/Pipeline/Pipeline.php(125): App\Http\Middleware\VerifyCsrfToken->handle(Object(Illuminate\Http\Request), Object(Closure))
#31 /Applications/XAMPP/xamppfiles/htdocs/sattahipport-website/vendor/laravel/framework/src/Illuminate/View/Middleware/ShareErrorsFromSession.php(55): Illuminate\Pipeline\Pipeline->Illuminate\Pipeline\{closure}(Object(Illuminate\Http\Request))
#32 /Applications/XAMPP/xamppfiles/htdocs/sattahipport-website/vendor/laravel/framework/src/Illuminate/Pipeline/Pipeline.php(125): Illuminate\View\Middleware\ShareErrorsFromSession->handle(Object(Illuminate\Http\Request), Object(Closure))
#33 /Applications/XAMPP/xamppfiles/htdocs/sattahipport-website/vendor/laravel/framework/src/Illuminate/Session/Middleware/StartSession.php(61): Illuminate\Pipeline\Pipeline->Illuminate\Pipeline\{closure}(Object(Illuminate\Http\Request))
#34 /Applications/XAMPP/xamppfiles/htdocs/sattahipport-website/vendor/laravel/framework/src/Illuminate/Pipeline/Pipeline.php(125): Illuminate\Session\Middleware\StartSession->handle(Object(Illuminate\Http\Request), Object(Closure))
#35 /Applications/XAMPP/xamppfiles/htdocs/sattahipport-website/vendor/laravel/framework/src/Illuminate/Cookie/Middleware/AddQueuedCookiesToResponse.php(36): Illuminate\Pipeline\Pipeline->Illuminate\Pipeline\{closure}(Object(Illuminate\Http\Request))
#36 /Applications/XAMPP/xamppfiles/htdocs/sattahipport-website/vendor/laravel/framework/src/Illuminate/Pipeline/Pipeline.php(125): Illuminate\Cookie\Middleware\AddQueuedCookiesToResponse->handle(Object(Illuminate\Http\Request), Object(Closure))
#37 /Applications/XAMPP/xamppfiles/htdocs/sattahipport-website/vendor/laravel/framework/src/Illuminate/Cookie/Middleware/EncryptCookies.php(40): Illuminate\Pipeline\Pipeline->Illuminate\Pipeline\{closure}(Object(Illuminate\Http\Request))
#38 /Applications/XAMPP/xamppfiles/htdocs/sattahipport-website/vendor/laravel/framework/src/Illuminate/Pipeline/Pipeline.php(125): Illuminate\Cookie\Middleware\EncryptCookies->handle(Object(Illuminate\Http\Request), Object(Closure))
#39 /Applications/XAMPP/xamppfiles/htdocs/sattahipport-website/vendor/laravel/framework/src/Illuminate/Foundation/Http/Middleware/CheckForMaintenanceMode.php(42): Illuminate\Pipeline\Pipeline->Illuminate\Pipeline\{closure}(Object(Illuminate\Http\Request))
#40 /Applications/XAMPP/xamppfiles/htdocs/sattahipport-website/vendor/laravel/framework/src/Illuminate/Pipeline/Pipeline.php(125): Illuminate\Foundation\Http\Middleware\CheckForMaintenanceMode->handle(Object(Illuminate\Http\Request), Object(Closure))
#41 [internal function]: Illuminate\Pipeline\Pipeline->Illuminate\Pipeline\{closure}(Object(Illuminate\Http\Request))
#42 /Applications/XAMPP/xamppfiles/htdocs/sattahipport-website/vendor/laravel/framework/src/Illuminate/Pipeline/Pipeline.php(101): call_user_func(Object(Closure), Object(Illuminate\Http\Request))
#43 /Applications/XAMPP/xamppfiles/htdocs/sattahipport-website/vendor/laravel/framework/src/Illuminate/Foundation/Http/Kernel.php(115): Illuminate\Pipeline\Pipeline->then(Object(Closure))
#44 /Applications/XAMPP/xamppfiles/htdocs/sattahipport-website/vendor/laravel/framework/src/Illuminate/Foundation/Http/Kernel.php(84): Illuminate\Foundation\Http\Kernel->sendRequestThroughRouter(Object(Illuminate\Http\Request))
#45 /Applications/XAMPP/xamppfiles/htdocs/sattahipport-website/public/index.php(53): Illuminate\Foundation\Http\Kernel->handle(Object(Illuminate\Http\Request))
#46 {main}

Next exception 'ErrorException' with message 'View [inc.left_menu] not found. (View: /Applications/XAMPP/xamppfiles/htdocs/sattahipport-website/resources/views/layout/master.blade.php)' in /Applications/XAMPP/xamppfiles/htdocs/sattahipport-website/vendor/laravel/framework/src/Illuminate/View/FileViewFinder.php:140
Stack trace:
#0 /Applications/XAMPP/xamppfiles/htdocs/sattahipport-website/vendor/laravel/framework/src/Illuminate/View/Engines/PhpEngine.php(43): Illuminate\View\Engines\CompilerEngine->handleViewException(Object(InvalidArgumentException), 1)
#1 /Applications/XAMPP/xamppfiles/htdocs/sattahipport-website/vendor/laravel/framework/src/Illuminate/View/Engines/CompilerEngine.php(57): Illuminate\View\Engines\PhpEngine->evaluatePath('/Applications/X...', Array)
#2 /Applications/XAMPP/xamppfiles/htdocs/sattahipport-website/vendor/laravel/framework/src/Illuminate/View/View.php(136): Illuminate\View\Engines\CompilerEngine->get('/Applications/X...', Array)
#3 /Applications/XAMPP/xamppfiles/htdocs/sattahipport-website/vendor/laravel/framework/src/Illuminate/View/View.php(104): Illuminate\View\View->getContents()
#4 /Applications/XAMPP/xamppfiles/htdocs/sattahipport-website/vendor/laravel/framework/src/Illuminate/View/View.php(78): Illuminate\View\View->renderContents()
#5 /Applications/XAMPP/xamppfiles/htdocs/sattahipport-website/storage/framework/views/9cd53140ddbab05c23ad310b5d8d5e80(106): Illuminate\View\View->render()
#6 /Applications/XAMPP/xamppfiles/htdocs/sattahipport-website/vendor/laravel/framework/src/Illuminate/View/Engines/PhpEngine.php(39): include('/Applications/X...')
#7 /Applications/XAMPP/xamppfiles/htdocs/sattahipport-website/vendor/laravel/framework/src/Illuminate/View/Engines/CompilerEngine.php(57): Illuminate\View\Engines\PhpEngine->evaluatePath('/Applications/X...', Array)
#8 /Applications/XAMPP/xamppfiles/htdocs/sattahipport-website/vendor/laravel/framework/src/Illuminate/View/View.php(136): Illuminate\View\Engines\CompilerEngine->get('/Applications/X...', Array)
#9 /Applications/XAMPP/xamppfiles/htdocs/sattahipport-website/vendor/laravel/framework/src/Illuminate/View/View.php(104): Illuminate\View\View->getContents()
#10 /Applications/XAMPP/xamppfiles/htdocs/sattahipport-website/vendor/laravel/framework/src/Illuminate/View/View.php(78): Illuminate\View\View->renderContents()
#11 /Applications/XAMPP/xamppfiles/htdocs/sattahipport-website/vendor/laravel/framework/src/Illuminate/Http/Response.php(44): Illuminate\View\View->render()
#12 /Applications/XAMPP/xamppfiles/htdocs/sattahipport-website/vendor/symfony/http-foundation/Symfony/Component/HttpFoundation/Response.php(202): Illuminate\Http\Response->setContent(Object(Illuminate\View\View))
#13 /Applications/XAMPP/xamppfiles/htdocs/sattahipport-website/vendor/laravel/framework/src/Illuminate/Routing/Router.php(1188): Symfony\Component\HttpFoundation\Response->__construct(Object(Illuminate\View\View))
#14 /Applications/XAMPP/xamppfiles/htdocs/sattahipport-website/vendor/laravel/framework/src/Illuminate/Routing/Router.php(692): Illuminate\Routing\Router->prepareResponse(Object(Illuminate\Http\Request), Object(Illuminate\View\View))
#15 [internal function]: Illuminate\Routing\Router->Illuminate\Routing\{closure}(Object(Illuminate\Http\Request))
#16 /Applications/XAMPP/xamppfiles/htdocs/sattahipport-website/vendor/laravel/framework/src/Illuminate/Pipeline/Pipeline.php(141): call_user_func(Object(Closure), Object(Illuminate\Http\Request))
#17 [internal function]: Illuminate\Pipeline\Pipeline->Illuminate\Pipeline\{closure}(Object(Illuminate\Http\Request))
#18 /Applications/XAMPP/xamppfiles/htdocs/sattahipport-website/vendor/laravel/framework/src/Illuminate/Pipeline/Pipeline.php(101): call_user_func(Object(Closure), Object(Illuminate\Http\Request))
#19 /Applications/XAMPP/xamppfiles/htdocs/sattahipport-website/vendor/laravel/framework/src/Illuminate/Routing/Router.php(693): Illuminate\Pipeline\Pipeline->then(Object(Closure))
#20 /Applications/XAMPP/xamppfiles/htdocs/sattahipport-website/vendor/laravel/framework/src/Illuminate/Routing/Router.php(660): Illuminate\Routing\Router->runRouteWithinStack(Object(Illuminate\Routing\Route), Object(Illuminate\Http\Request))
#21 /Applications/XAMPP/xamppfiles/htdocs/sattahipport-website/vendor/laravel/framework/src/Illuminate/Routing/Router.php(618): Illuminate\Routing\Router->dispatchToRoute(Object(Illuminate\Http\Request))
#22 /Applications/XAMPP/xamppfiles/htdocs/sattahipport-website/vendor/laravel/framework/src/Illuminate/Foundation/Http/Kernel.php(214): Illuminate\Routing\Router->dispatch(Object(Illuminate\Http\Request))
#23 [internal function]: Illuminate\Foundation\Http\Kernel->Illuminate\Foundation\Http\{closure}(Object(Illuminate\Http\Request))
#24 /Applications/XAMPP/xamppfiles/htdocs/sattahipport-website/vendor/laravel/framework/src/Illuminate/Pipeline/Pipeline.php(141): call_user_func(Object(Closure), Object(Illuminate\Http\Request))
#25 /Applications/XAMPP/xamppfiles/htdocs/sattahipport-website/vendor/laravel/framework/src/Illuminate/Foundation/Http/Middleware/VerifyCsrfToken.php(43): Illuminate\Pipeline\Pipeline->Illuminate\Pipeline\{closure}(Object(Illuminate\Http\Request))
#26 /Applications/XAMPP/xamppfiles/htdocs/sattahipport-website/app/Http/Middleware/VerifyCsrfToken.php(17): Illuminate\Foundation\Http\Middleware\VerifyCsrfToken->handle(Object(Illuminate\Http\Request), Object(Closure))
#27 /Applications/XAMPP/xamppfiles/htdocs/sattahipport-website/vendor/laravel/framework/src/Illuminate/Pipeline/Pipeline.php(125): App\Http\Middleware\VerifyCsrfToken->handle(Object(Illuminate\Http\Request), Object(Closure))
#28 /Applications/XAMPP/xamppfiles/htdocs/sattahipport-website/vendor/laravel/framework/src/Illuminate/View/Middleware/ShareErrorsFromSession.php(55): Illuminate\Pipeline\Pipeline->Illuminate\Pipeline\{closure}(Object(Illuminate\Http\Request))
#29 /Applications/XAMPP/xamppfiles/htdocs/sattahipport-website/vendor/laravel/framework/src/Illuminate/Pipeline/Pipeline.php(125): Illuminate\View\Middleware\ShareErrorsFromSession->handle(Object(Illuminate\Http\Request), Object(Closure))
#30 /Applications/XAMPP/xamppfiles/htdocs/sattahipport-website/vendor/laravel/framework/src/Illuminate/Session/Middleware/StartSession.php(61): Illuminate\Pipeline\Pipeline->Illuminate\Pipeline\{closure}(Object(Illuminate\Http\Request))
#31 /Applications/XAMPP/xamppfiles/htdocs/sattahipport-website/vendor/laravel/framework/src/Illuminate/Pipeline/Pipeline.php(125): Illuminate\Session\Middleware\StartSession->handle(Object(Illuminate\Http\Request), Object(Closure))
#32 /Applications/XAMPP/xamppfiles/htdocs/sattahipport-website/vendor/laravel/framework/src/Illuminate/Cookie/Middleware/AddQueuedCookiesToResponse.php(36): Illuminate\Pipeline\Pipeline->Illuminate\Pipeline\{closure}(Object(Illuminate\Http\Request))
#33 /Applications/XAMPP/xamppfiles/htdocs/sattahipport-website/vendor/laravel/framework/src/Illuminate/Pipeline/Pipeline.php(125): Illuminate\Cookie\Middleware\AddQueuedCookiesToResponse->handle(Object(Illuminate\Http\Request), Object(Closure))
#34 /Applications/XAMPP/xamppfiles/htdocs/sattahipport-website/vendor/laravel/framework/src/Illuminate/Cookie/Middleware/EncryptCookies.php(40): Illuminate\Pipeline\Pipeline->Illuminate\Pipeline\{closure}(Object(Illuminate\Http\Request))
#35 /Applications/XAMPP/xamppfiles/htdocs/sattahipport-website/vendor/laravel/framework/src/Illuminate/Pipeline/Pipeline.php(125): Illuminate\Cookie\Middleware\EncryptCookies->handle(Object(Illuminate\Http\Request), Object(Closure))
#36 /Applications/XAMPP/xamppfiles/htdocs/sattahipport-website/vendor/laravel/framework/src/Illuminate/Foundation/Http/Middleware/CheckForMaintenanceMode.php(42): Illuminate\Pipeline\Pipeline->Illuminate\Pipeline\{closure}(Object(Illuminate\Http\Request))
#37 /Applications/XAMPP/xamppfiles/htdocs/sattahipport-website/vendor/laravel/framework/src/Illuminate/Pipeline/Pipeline.php(125): Illuminate\Foundation\Http\Middleware\CheckForMaintenanceMode->handle(Object(Illuminate\Http\Request), Object(Closure))
#38 [internal function]: Illuminate\Pipeline\Pipeline->Illuminate\Pipeline\{closure}(Object(Illuminate\Http\Request))
#39 /Applications/XAMPP/xamppfiles/htdocs/sattahipport-website/vendor/laravel/framework/src/Illuminate/Pipeline/Pipeline.php(101): call_user_func(Object(Closure), Object(Illuminate\Http\Request))
#40 /Applications/XAMPP/xamppfiles/htdocs/sattahipport-website/vendor/laravel/framework/src/Illuminate/Foundation/Http/Kernel.php(115): Illuminate\Pipeline\Pipeline->then(Object(Closure))
#41 /Applications/XAMPP/xamppfiles/htdocs/sattahipport-website/vendor/laravel/framework/src/Illuminate/Foundation/Http/Kernel.php(84): Illuminate\Foundation\Http\Kernel->sendRequestThroughRouter(Object(Illuminate\Http\Request))
#42 /Applications/XAMPP/xamppfiles/htdocs/sattahipport-website/public/index.php(53): Illuminate\Foundation\Http\Kernel->handle(Object(Illuminate\Http\Request))
#43 {main}

Next exception 'ErrorException' with message 'View [inc.left_menu] not found. (View: /Applications/XAMPP/xamppfiles/htdocs/sattahipport-website/resources/views/layout/master.blade.php) (View: /Applications/XAMPP/xamppfiles/htdocs/sattahipport-website/resources/views/layout/master.blade.php)' in /Applications/XAMPP/xamppfiles/htdocs/sattahipport-website/vendor/laravel/framework/src/Illuminate/View/FileViewFinder.php:140
Stack trace:
#0 /Applications/XAMPP/xamppfiles/htdocs/sattahipport-website/vendor/laravel/framework/src/Illuminate/View/Engines/PhpEngine.php(43): Illuminate\View\Engines\CompilerEngine->handleViewException(Object(ErrorException), 1)
#1 /Applications/XAMPP/xamppfiles/htdocs/sattahipport-website/vendor/laravel/framework/src/Illuminate/View/Engines/CompilerEngine.php(57): Illuminate\View\Engines\PhpEngine->evaluatePath('/Applications/X...', Array)
#2 /Applications/XAMPP/xamppfiles/htdocs/sattahipport-website/vendor/laravel/framework/src/Illuminate/View/View.php(136): Illuminate\View\Engines\CompilerEngine->get('/Applications/X...', Array)
#3 /Applications/XAMPP/xamppfiles/htdocs/sattahipport-website/vendor/laravel/framework/src/Illuminate/View/View.php(104): Illuminate\View\View->getContents()
#4 /Applications/XAMPP/xamppfiles/htdocs/sattahipport-website/vendor/laravel/framework/src/Illuminate/View/View.php(78): Illuminate\View\View->renderContents()
#5 /Applications/XAMPP/xamppfiles/htdocs/sattahipport-website/vendor/laravel/framework/src/Illuminate/Http/Response.php(44): Illuminate\View\View->render()
#6 /Applications/XAMPP/xamppfiles/htdocs/sattahipport-website/vendor/symfony/http-foundation/Symfony/Component/HttpFoundation/Response.php(202): Illuminate\Http\Response->setContent(Object(Illuminate\View\View))
#7 /Applications/XAMPP/xamppfiles/htdocs/sattahipport-website/vendor/laravel/framework/src/Illuminate/Routing/Router.php(1188): Symfony\Component\HttpFoundation\Response->__construct(Object(Illuminate\View\View))
#8 /Applications/XAMPP/xamppfiles/htdocs/sattahipport-website/vendor/laravel/framework/src/Illuminate/Routing/Router.php(692): Illuminate\Routing\Router->prepareResponse(Object(Illuminate\Http\Request), Object(Illuminate\View\View))
#9 [internal function]: Illuminate\Routing\Router->Illuminate\Routing\{closure}(Object(Illuminate\Http\Request))
#10 /Applications/XAMPP/xamppfiles/htdocs/sattahipport-website/vendor/laravel/framework/src/Illuminate/Pipeline/Pipeline.php(141): call_user_func(Object(Closure), Object(Illuminate\Http\Request))
#11 [internal function]: Illuminate\Pipeline\Pipeline->Illuminate\Pipeline\{closure}(Object(Illuminate\Http\Request))
#12 /Applications/XAMPP/xamppfiles/htdocs/sattahipport-website/vendor/laravel/framework/src/Illuminate/Pipeline/Pipeline.php(101): call_user_func(Object(Closure), Object(Illuminate\Http\Request))
#13 /Applications/XAMPP/xamppfiles/htdocs/sattahipport-website/vendor/laravel/framework/src/Illuminate/Routing/Router.php(693): Illuminate\Pipeline\Pipeline->then(Object(Closure))
#14 /Applications/XAMPP/xamppfiles/htdocs/sattahipport-website/vendor/laravel/framework/src/Illuminate/Routing/Router.php(660): Illuminate\Routing\Router->runRouteWithinStack(Object(Illuminate\Routing\Route), Object(Illuminate\Http\Request))
#15 /Applications/XAMPP/xamppfiles/htdocs/sattahipport-website/vendor/laravel/framework/src/Illuminate/Routing/Router.php(618): Illuminate\Routing\Router->dispatchToRoute(Object(Illuminate\Http\Request))
#16 /Applications/XAMPP/xamppfiles/htdocs/sattahipport-website/vendor/laravel/framework/src/Illuminate/Foundation/Http/Kernel.php(214): Illuminate\Routing\Router->dispatch(Object(Illuminate\Http\Request))
#17 [internal function]: Illuminate\Foundation\Http\Kernel->Illuminate\Foundation\Http\{closure}(Object(Illuminate\Http\Request))
#18 /Applications/XAMPP/xamppfiles/htdocs/sattahipport-website/vendor/laravel/framework/src/Illuminate/Pipeline/Pipeline.php(141): call_user_func(Object(Closure), Object(Illuminate\Http\Request))
#19 /Applications/XAMPP/xamppfiles/htdocs/sattahipport-website/vendor/laravel/framework/src/Illuminate/Foundation/Http/Middleware/VerifyCsrfToken.php(43): Illuminate\Pipeline\Pipeline->Illuminate\Pipeline\{closure}(Object(Illuminate\Http\Request))
#20 /Applications/XAMPP/xamppfiles/htdocs/sattahipport-website/app/Http/Middleware/VerifyCsrfToken.php(17): Illuminate\Foundation\Http\Middleware\VerifyCsrfToken->handle(Object(Illuminate\Http\Request), Object(Closure))
#21 /Applications/XAMPP/xamppfiles/htdocs/sattahipport-website/vendor/laravel/framework/src/Illuminate/Pipeline/Pipeline.php(125): App\Http\Middleware\VerifyCsrfToken->handle(Object(Illuminate\Http\Request), Object(Closure))
#22 /Applications/XAMPP/xamppfiles/htdocs/sattahipport-website/vendor/laravel/framework/src/Illuminate/View/Middleware/ShareErrorsFromSession.php(55): Illuminate\Pipeline\Pipeline->Illuminate\Pipeline\{closure}(Object(Illuminate\Http\Request))
#23 /Applications/XAMPP/xamppfiles/htdocs/sattahipport-website/vendor/laravel/framework/src/Illuminate/Pipeline/Pipeline.php(125): Illuminate\View\Middleware\ShareErrorsFromSession->handle(Object(Illuminate\Http\Request), Object(Closure))
#24 /Applications/XAMPP/xamppfiles/htdocs/sattahipport-website/vendor/laravel/framework/src/Illuminate/Session/Middleware/StartSession.php(61): Illuminate\Pipeline\Pipeline->Illuminate\Pipeline\{closure}(Object(Illuminate\Http\Request))
#25 /Applications/XAMPP/xamppfiles/htdocs/sattahipport-website/vendor/laravel/framework/src/Illuminate/Pipeline/Pipeline.php(125): Illuminate\Session\Middleware\StartSession->handle(Object(Illuminate\Http\Request), Object(Closure))
#26 /Applications/XAMPP/xamppfiles/htdocs/sattahipport-website/vendor/laravel/framework/src/Illuminate/Cookie/Middleware/AddQueuedCookiesToResponse.php(36): Illuminate\Pipeline\Pipeline->Illuminate\Pipeline\{closure}(Object(Illuminate\Http\Request))
#27 /Applications/XAMPP/xamppfiles/htdocs/sattahipport-website/vendor/laravel/framework/src/Illuminate/Pipeline/Pipeline.php(125): Illuminate\Cookie\Middleware\AddQueuedCookiesToResponse->handle(Object(Illuminate\Http\Request), Object(Closure))
#28 /Applications/XAMPP/xamppfiles/htdocs/sattahipport-website/vendor/laravel/framework/src/Illuminate/Cookie/Middleware/EncryptCookies.php(40): Illuminate\Pipeline\Pipeline->Illuminate\Pipeline\{closure}(Object(Illuminate\Http\Request))
#29 /Applications/XAMPP/xamppfiles/htdocs/sattahipport-website/vendor/laravel/framework/src/Illuminate/Pipeline/Pipeline.php(125): Illuminate\Cookie\Middleware\EncryptCookies->handle(Object(Illuminate\Http\Request), Object(Closure))
#30 /Applications/XAMPP/xamppfiles/htdocs/sattahipport-website/vendor/laravel/framework/src/Illuminate/Foundation/Http/Middleware/CheckForMaintenanceMode.php(42): Illuminate\Pipeline\Pipeline->Illuminate\Pipeline\{closure}(Object(Illuminate\Http\Request))
#31 /Applications/XAMPP/xamppfiles/htdocs/sattahipport-website/vendor/laravel/framework/src/Illuminate/Pipeline/Pipeline.php(125): Illuminate\Foundation\Http\Middleware\CheckForMaintenanceMode->handle(Object(Illuminate\Http\Request), Object(Closure))
#32 [internal function]: Illuminate\Pipeline\Pipeline->Illuminate\Pipeline\{closure}(Object(Illuminate\Http\Request))
#33 /Applications/XAMPP/xamppfiles/htdocs/sattahipport-website/vendor/laravel/framework/src/Illuminate/Pipeline/Pipeline.php(101): call_user_func(Object(Closure), Object(Illuminate\Http\Request))
#34 /Applications/XAMPP/xamppfiles/htdocs/sattahipport-website/vendor/laravel/framework/src/Illuminate/Foundation/Http/Kernel.php(115): Illuminate\Pipeline\Pipeline->then(Object(Closure))
#35 /Applications/XAMPP/xamppfiles/htdocs/sattahipport-website/vendor/laravel/framework/src/Illuminate/Foundation/Http/Kernel.php(84): Illuminate\Foundation\Http\Kernel->sendRequestThroughRouter(Object(Illuminate\Http\Request))
#36 /Applications/XAMPP/xamppfiles/htdocs/sattahipport-website/public/index.php(53): Illuminate\Foundation\Http\Kernel->handle(Object(Illuminate\Http\Request))
#37 {main}  
